  paint.cpp
c:\users\administrator\documents\visual studio 2015\projects\그래픽\paintkjy\paintkjy\paint.cpp(76): warning C4244: 'return': 'double'에서 'float'(으)로 변환하면서 데이터가 손실될 수 있습니다.
c:\users\administrator\documents\visual studio 2015\projects\그래픽\paintkjy\paintkjy\paint.cpp(82): warning C4305: '초기화 중': 'double'에서 'float'(으)로 잘립니다.
c:\users\administrator\documents\visual studio 2015\projects\그래픽\paintkjy\paintkjy\paint.cpp(94): warning C4244: '초기화 중': 'double'에서 'float'(으)로 변환하면서 데이터가 손실될 수 있습니다.
c:\users\administrator\documents\visual studio 2015\projects\그래픽\paintkjy\paintkjy\paint.cpp(94): warning C4244: '초기화 중': 'double'에서 'const float'(으)로 변환하면서 데이터가 손실될 수 있습니다.
c:\users\administrator\documents\visual studio 2015\projects\그래픽\paintkjy\paintkjy\paint.cpp(95): warning C4244: '초기화 중': 'double'에서 'float'(으)로 변환하면서 데이터가 손실될 수 있습니다.
c:\users\administrator\documents\visual studio 2015\projects\그래픽\paintkjy\paintkjy\paint.cpp(95): warning C4244: '초기화 중': 'double'에서 'const float'(으)로 변환하면서 데이터가 손실될 수 있습니다.
c:\users\administrator\documents\visual studio 2015\projects\그래픽\paintkjy\paintkjy\paint.cpp(120): warning C4305: '인수': 'double'에서 'GLclampf'(으)로 잘립니다.
c:\users\administrator\documents\visual studio 2015\projects\그래픽\paintkjy\paintkjy\paint.cpp(147): warning C4305: '인수': 'double'에서 'GLclampf'(으)로 잘립니다.
c:\users\administrator\documents\visual studio 2015\projects\그래픽\paintkjy\paintkjy\paint.cpp(240): warning C4244: '=': 'int'에서 'float'(으)로 변환하면서 데이터가 손실될 수 있습니다.
c:\users\administrator\documents\visual studio 2015\projects\그래픽\paintkjy\paintkjy\paint.cpp(241): warning C4244: '=': 'int'에서 'float'(으)로 변환하면서 데이터가 손실될 수 있습니다.
c:\users\administrator\documents\visual studio 2015\projects\그래픽\paintkjy\paintkjy\paint.cpp(247): warning C4244: '인수': 'int'에서 'float'(으)로 변환하면서 데이터가 손실될 수 있습니다.
c:\users\administrator\documents\visual studio 2015\projects\그래픽\paintkjy\paintkjy\paint.cpp(423): warning C4305: '인수': 'double'에서 'GLclampf'(으)로 잘립니다.
c:\users\administrator\documents\visual studio 2015\projects\그래픽\paintkjy\paintkjy\paint.cpp(443): warning C4244: '인수': 'double'에서 'int'(으)로 변환하면서 데이터가 손실될 수 있습니다.
c:\users\administrator\documents\visual studio 2015\projects\그래픽\paintkjy\paintkjy\paint.cpp(445): warning C4244: '인수': 'double'에서 'GLint'(으)로 변환하면서 데이터가 손실될 수 있습니다.
c:\users\administrator\documents\visual studio 2015\projects\그래픽\paintkjy\paintkjy\paint.cpp(446): warning C4244: '인수': 'double'에서 'GLint'(으)로 변환하면서 데이터가 손실될 수 있습니다.
c:\users\administrator\documents\visual studio 2015\projects\그래픽\paintkjy\paintkjy\paint.cpp(447): warning C4244: '인수': 'double'에서 'GLint'(으)로 변환하면서 데이터가 손실될 수 있습니다.
c:\users\administrator\documents\visual studio 2015\projects\그래픽\paintkjy\paintkjy\paint.cpp(451): warning C4244: '인수': 'double'에서 'GLint'(으)로 변환하면서 데이터가 손실될 수 있습니다.
c:\users\administrator\documents\visual studio 2015\projects\그래픽\paintkjy\paintkjy\paint.cpp(453): warning C4244: '인수': 'double'에서 'GLint'(으)로 변환하면서 데이터가 손실될 수 있습니다.
c:\users\administrator\documents\visual studio 2015\projects\그래픽\paintkjy\paintkjy\paint.cpp(456): warning C4244: '인수': 'double'에서 'GLint'(으)로 변환하면서 데이터가 손실될 수 있습니다.
c:\users\administrator\documents\visual studio 2015\projects\그래픽\paintkjy\paintkjy\paint.cpp(459): warning C4244: '인수': 'double'에서 'GLint'(으)로 변환하면서 데이터가 손실될 수 있습니다.
c:\users\administrator\documents\visual studio 2015\projects\그래픽\paintkjy\paintkjy\paint.cpp(463): warning C4244: '=': 'int'에서 'GLfloat'(으)로 변환하면서 데이터가 손실될 수 있습니다.
c:\users\administrator\documents\visual studio 2015\projects\그래픽\paintkjy\paintkjy\paint.cpp(467): warning C4305: '+=': 'double'에서 'float'(으)로 잘립니다.
c:\users\administrator\documents\visual studio 2015\projects\그래픽\paintkjy\paintkjy\paint.cpp(469): warning C4244: '=': 'double'에서 'int'(으)로 변환하면서 데이터가 손실될 수 있습니다.
c:\users\administrator\documents\visual studio 2015\projects\그래픽\paintkjy\paintkjy\paint.cpp(470): warning C4244: '=': 'double'에서 'int'(으)로 변환하면서 데이터가 손실될 수 있습니다.
c:\users\administrator\documents\visual studio 2015\projects\그래픽\paintkjy\paintkjy\paint.cpp(476): warning C4244: '인수': 'double'에서 'GLint'(으)로 변환하면서 데이터가 손실될 수 있습니다.
c:\users\administrator\documents\visual studio 2015\projects\그래픽\paintkjy\paintkjy\paint.cpp(477): warning C4244: '인수': 'double'에서 'GLint'(으)로 변환하면서 데이터가 손실될 수 있습니다.
c:\users\administrator\documents\visual studio 2015\projects\그래픽\paintkjy\paintkjy\paint.cpp(478): warning C4244: '인수': 'double'에서 'GLint'(으)로 변환하면서 데이터가 손실될 수 있습니다.
c:\users\administrator\documents\visual studio 2015\projects\그래픽\paintkjy\paintkjy\paint.cpp(479): warning C4244: '인수': 'double'에서 'GLint'(으)로 변환하면서 데이터가 손실될 수 있습니다.
c:\users\administrator\documents\visual studio 2015\projects\그래픽\paintkjy\paintkjy\paint.cpp(480): warning C4244: '인수': 'double'에서 'GLint'(으)로 변환하면서 데이터가 손실될 수 있습니다.
c:\users\administrator\documents\visual studio 2015\projects\그래픽\paintkjy\paintkjy\paint.cpp(481): warning C4244: '인수': 'double'에서 'GLint'(으)로 변환하면서 데이터가 손실될 수 있습니다.
c:\users\administrator\documents\visual studio 2015\projects\그래픽\paintkjy\paintkjy\paint.cpp(420): warning C4101: 'y' :참조되지 않은 지역 변수입니다.
c:\users\administrator\documents\visual studio 2015\projects\그래픽\paintkjy\paintkjy\paint.cpp(420): warning C4101: 'x' :참조되지 않은 지역 변수입니다.
  paintKjy.vcxproj -> C:\Users\Administrator\Documents\Visual Studio 2015\Projects\그래픽\paintKjy\Debug\paintKjy.exe
